Change Component Designator: Old Designator=C? New Designator=C1
Change Component Designator: Old Designator=C? New Designator=C2
Change Component Designator: Old Designator=C? New Designator=C3
Change Component Designator: Old Designator=C? New Designator=C4
Change Component Designator: Old Designator=C? New Designator=C5
Change Component Designator: Old Designator=C? New Designator=C6
Change Component Designator: Old Designator=C? New Designator=C7
Change Component Designator: Old Designator=C? New Designator=C8
Change Component Designator: Old Designator=C? New Designator=C9
Change Component Designator: Old Designator=C? New Designator=C10
Change Component Designator: Old Designator=C? New Designator=C11
Change Component Designator: Old Designator=D? New Designator=D1
Change Component Designator: Old Designator=R? New Designator=R1
Change Component Designator: Old Designator=R? New Designator=R2
Change Component Designator: Old Designator=R? New Designator=R3
Change Component Designator: Old Designator=R? New Designator=R4
Change Component Designator: Old Designator=R? New Designator=R5
Change Component Designator: Old Designator=R? New Designator=R6
Change Component Designator: Old Designator=R? New Designator=R7
Change Component Designator: Old Designator=REG? New Designator=REG1
Change Component Designator: Old Designator=REG? New Designator=REG2
Change Component Designator: Old Designator=REG? New Designator=REG3
Change Component Designator: Old Designator=REG? New Designator=REG4
Change Component Designator: Old Designator=REG? New Designator=REG5
Change Component Designator: Old Designator=REG? New Designator=REG6
Change Component Designator: Old Designator=REG? New Designator=REG7
Change Component Designator: Old Designator=REG? New Designator=REG8
Change Component Designator: Old Designator=REG? New Designator=REG9
Change Component Designator: Old Designator=REG? New Designator=REG10
Change Component Designator: Old Designator=REG? New Designator=REG11
Change Component Designator: Old Designator=REG? New Designator=REG12
Change Component Designator: Old Designator=REG? New Designator=REG13
Change Component Designator: Old Designator=REG? New Designator=REG14
Change Component Designator: Old Designator=REG? New Designator=REG15
Change Component Designator: Old Designator=REG? New Designator=REG16
Change Component Designator: Old Designator=REG? New Designator=REG17
Change Component Designator: Old Designator=REG? New Designator=REG18
Change Component Designator: Old Designator=REG? New Designator=REG19
Change Component Designator: Old Designator=REG? New Designator=REG20
Change Component Designator: Old Designator=REG? New Designator=REG21
Change Component Designator: Old Designator=REG? New Designator=REG22
Change Component Designator: Old Designator=SW? New Designator=SW1
Change Component Designator: Old Designator=SW? New Designator=SW2
Change Component Designator: Old Designator=SW? New Designator=SW3
Change Component Designator: Old Designator=SW? New Designator=SW4
Change Component Designator: Old Designator=SW? New Designator=SW5
Change Component Designator: Old Designator=SW? New Designator=SW6
Change Component Designator: Old Designator=SW? New Designator=SW7
Change Component Designator: Old Designator=SW? New Designator=SW8
Change Component Designator: Old Designator=SW? New Designator=SW9
Change Component Designator: Old Designator=SW? New Designator=SW10
Change Component Designator: Old Designator=SW? New Designator=SW11
Change Component Designator: Old Designator=SW? New Designator=SW12
Change Component Designator: Old Designator=SW? New Designator=SW13
Change Component Designator: Old Designator=SW? New Designator=SW14
Change Component Designator: Old Designator=SW? New Designator=SW15
Change Component Designator: Old Designator=SW? New Designator=SW16
Change Component Designator: Old Designator=SW? New Designator=SW17
Change Component Designator: Old Designator=SW? New Designator=SW18
Change Component Designator: Old Designator=SW? New Designator=SW19
Change Component Designator: Old Designator=SW? New Designator=SW20
Change Component Designator: Old Designator=SW? New Designator=SW21
Change Component Designator: Old Designator=SW? New Designator=SW22
Change Component Designator: Old Designator=SW? New Designator=SW23
Change Component Designator: Old Designator=SW? New Designator=SW24
Change Component Designator: Old Designator=SW? New Designator=SW25
Change Component Designator: Old Designator=SW? New Designator=SW26
Change Component Designator: Old Designator=SW? New Designator=SW27
Change Component Designator: Old Designator=SW? New Designator=SW28
Change Component Designator: Old Designator=SW? New Designator=SW29
Change Component Designator: Old Designator=SW? New Designator=SW30
Change Component Designator: Old Designator=SW? New Designator=SW31
Change Component Designator: Old Designator=SW? New Designator=SW32
Change Component Designator: Old Designator=SW? New Designator=SW33
Change Component Designator: Old Designator=SW? New Designator=SW34
Change Component Designator: Old Designator=SW? New Designator=SW35
Change Component Designator: Old Designator=SW? New Designator=SW36
Change Component Designator: Old Designator=SW? New Designator=SW37
Change Component Designator: Old Designator=SW? New Designator=SW38
Change Component Designator: Old Designator=SW? New Designator=SW39
Change Component Designator: Old Designator=SW? New Designator=SW40
Change Component Designator: Old Designator=SW? New Designator=SW41
Change Component Designator: Old Designator=SW? New Designator=SW42
Change Component Designator: Old Designator=SW? New Designator=SW43
Change Component Designator: Old Designator=SW? New Designator=SW44
Change Component Designator: Old Designator=SW? New Designator=SW45
Change Component Designator: Old Designator=SW? New Designator=SW46
Change Component Designator: Old Designator=SW? New Designator=SW47
Change Component Designator: Old Designator=SW? New Designator=SW48
Change Component Designator: Old Designator=SW? New Designator=SW49
Change Component Designator: Old Designator=SW? New Designator=SW50
Change Component Designator: Old Designator=SW? New Designator=SW51
Change Component Designator: Old Designator=SW? New Designator=SW52
Change Component Designator: Old Designator=SW? New Designator=SW53
Change Component Designator: Old Designator=SW? New Designator=SW54
Change Component Designator: Old Designator=SW? New Designator=SW55
Change Component Designator: Old Designator=SW? New Designator=SW56
Change Component Designator: Old Designator=SW? New Designator=SW57
Change Component Designator: Old Designator=SW? New Designator=SW58
Change Component Designator: Old Designator=SW? New Designator=SW59
Change Component Designator: Old Designator=SW? New Designator=SW60
Change Component Designator: Old Designator=SW? New Designator=SW61
Change Component Designator: Old Designator=SW? New Designator=SW62
Change Component Designator: Old Designator=SW? New Designator=SW63
Change Component Designator: Old Designator=SW? New Designator=SW64
Change Component Designator: Old Designator=SW? New Designator=SW65
Change Component Designator: Old Designator=SW? New Designator=SW66
Change Component Designator: Old Designator=SW? New Designator=SW67
Change Component Designator: Old Designator=SW? New Designator=SW68
Change Component Designator: Old Designator=SW? New Designator=SW69
Change Component Designator: Old Designator=SW? New Designator=SW70
Change Component Designator: Old Designator=SW? New Designator=SW71
Change Component Designator: Old Designator=SW? New Designator=SW72
Change Component Designator: Old Designator=SW? New Designator=SW73
Change Component Designator: Old Designator=SW? New Designator=SW74
Change Component Designator: Old Designator=SW? New Designator=SW75
Change Component Designator: Old Designator=SW? New Designator=SW76
Change Component Designator: Old Designator=SW? New Designator=SW77
Change Component Designator: Old Designator=SW? New Designator=SW78
Change Component Designator: Old Designator=SW? New Designator=SW79
Change Component Designator: Old Designator=SW? New Designator=SW80
Change Component Designator: Old Designator=SW? New Designator=SW81
Change Component Designator: Old Designator=SW? New Designator=SW82
Change Component Designator: Old Designator=SW? New Designator=SW83
Change Component Designator: Old Designator=SW? New Designator=SW84
Change Component Designator: Old Designator=SW? New Designator=SW85
Change Component Designator: Old Designator=SW? New Designator=SW86
Change Component Designator: Old Designator=SW? New Designator=SW87
Change Component Designator: Old Designator=U? New Designator=U1
Change Component Designator: Old Designator=U? New Designator=U1
Change Component Designator: Old Designator=U? New Designator=U2
Change Component Designator: Old Designator=U? New Designator=U3
Change Component Designator: Old Designator=U? New Designator=U4
Change Component Designator: Old Designator=U? New Designator=U5
Change Component Designator: Old Designator=U? New Designator=U6
Change Component Designator: Old Designator=U? New Designator=U7
Change Component Designator: Old Designator=U? New Designator=U8
Change Component Designator: Old Designator=U? New Designator=U9
Change Component Designator: Old Designator=U? New Designator=U10
Change Component Designator: Old Designator=U? New Designator=U11
Change Component Designator: Old Designator=U? New Designator=U12
Change Component Designator: Old Designator=U? New Designator=U13
Change Component Designator: Old Designator=U? New Designator=U14
Change Component Designator: Old Designator=U? New Designator=U15
Change Component Designator: Old Designator=USB? New Designator=USB1
Change Component Designator: Old Designator=Y? New Designator=Y1
